<?xml version="1.0" encoding="UTF-8"?>
<!-- Generated by org.testng.reporters.JUnitXMLReporter -->
<testsuite ignored="0" hostname="LAPTOP-BBM6834N" failures="2" tests="2" name="ChromeTest" time="43.824" errors="0" timestamp="2022-06-03T11:36:30 IST">
  <testcase classname="pack.Testng" name="aerifyHomeTab" time="7.459">
    <failure type="java.lang.AssertionError" message="expected [(5) Facebook] but found [(3) Facebook]">
      <![CDATA[java.lang.AssertionError: expected [(5) Facebook] but found [(3) Facebook]
at pack.Testng.aerifyHomeTab(Testng.java:93)
at java.base/java.util.concurrent.ThreadPoolExecutor.runWorker(ThreadPoolExecutor.java:1136)
at java.base/java.util.concurrent.ThreadPoolExecutor$Worker.run(ThreadPoolExecutor.java:635)
at java.base/java.lang.Thread.run(Thread.java:833)
... Removed 18 stack frames]]>
    </failure>
  </testcase> <!-- aerifyHomeTab -->
  <testcase classname="pack.Testng" name="berifyfriendTab" time="5.105">
    <failure type="java.lang.AssertionError" message="expected [https://www.facebook.com/?sk=welcome] but found [https://www.facebook.com/friends]">
      <![CDATA[java.lang.AssertionError: expected [https://www.facebook.com/?sk=welcome] but found [https://www.facebook.com/friends]
at pack.Testng.berifyfriendTab(Testng.java:127)
at java.base/java.util.concurrent.ThreadPoolExecutor.runWorker(ThreadPoolExecutor.java:1136)
at java.base/java.util.concurrent.ThreadPoolExecutor$Worker.run(ThreadPoolExecutor.java:635)
at java.base/java.lang.Thread.run(Thread.java:833)
... Removed 18 stack frames]]>
    </failure>
  </testcase> <!-- berifyfriendTab -->
</testsuite> <!-- ChromeTest -->
